<?xml version="1.0" encoding="UTF-8"?>
<testng-results ignored="0" total="2" passed="2" failed="0" skipped="0">
  <reporter-output>
  </reporter-output>
  <suite started-at="2020-03-04T19:40:46Z" name="formTest" finished-at="2020-03-04T19:40:56Z" duration-ms="10415">
    <groups>
    </groups>
    <test started-at="2020-03-04T19:40:46Z" name="fillFormr" finished-at="2020-03-04T19:40:56Z" duration-ms="10415">
      <class name="testCases.FillFormTest">
        <test-method is-config="true" signature="setup()[pri:0, instance:testCases.FillFormTest@4de5031f]" started-at="2020-03-04T19:40:47Z" name="setup" finished-at="2020-03-04T19:40:51Z" duration-ms="4635" status="PASS">
          <reporter-output>
          </reporter-output>
        </test-method> <!-- setup -->
        <test-method signature="fillform(java.lang.String, java.lang.String, java.lang.String, java.lang.String, java.lang.String)[pri:0, instance:testCases.FillFormTest@4de5031f]" started-at="2020-03-04T19:40:51Z" name="fillform" data-provider="FormData" finished-at="2020-03-04T19:40:52Z" duration-ms="1312" status="PASS">
          <params>
            <param index="0">
              <value>
                <![CDATA[Name 1]]>
              </value>
            </param>
            <param index="1">
              <value>
                <![CDATA[a@a.com]]>
              </value>
            </param>
            <param index="2">
              <value>
                <![CDATA[Delhi]]>
              </value>
            </param>
            <param index="3">
              <value>
                <![CDATA[9794734]]>
              </value>
            </param>
            <param index="4">
              <value>
                <![CDATA[Commented]]>
              </value>
            </param>
          </params>
          <reporter-output>
          </reporter-output>
        </test-method> <!-- fillform -->
        <test-method is-config="true" signature="tearDown()[pri:0, instance:testCases.FillFormTest@4de5031f]" started-at="2020-03-04T19:40:52Z" name="tearDown" finished-at="2020-03-04T19:40:53Z" duration-ms="86" status="PASS">
          <reporter-output>
          </reporter-output>
        </test-method> <!-- tearDown -->
        <test-method is-config="true" signature="setup()[pri:0, instance:testCases.FillFormTest@4de5031f]" started-at="2020-03-04T19:40:53Z" name="setup" finished-at="2020-03-04T19:40:55Z" duration-ms="1948" status="PASS">
          <reporter-output>
          </reporter-output>
        </test-method> <!-- setup -->
        <test-method signature="fillform(java.lang.String, java.lang.String, java.lang.String, java.lang.String, java.lang.String)[pri:0, instance:testCases.FillFormTest@4de5031f]" started-at="2020-03-04T19:40:55Z" name="fillform" data-provider="FormData" finished-at="2020-03-04T19:40:56Z" duration-ms="1440" status="PASS">
          <params>
            <param index="0">
              <value>
                <![CDATA[Name 2]]>
              </value>
            </param>
            <param index="1">
              <value>
                <![CDATA[b@a.com]]>
              </value>
            </param>
            <param index="2">
              <value>
                <![CDATA[NCR]]>
              </value>
            </param>
            <param index="3">
              <value>
                <![CDATA[85485]]>
              </value>
            </param>
            <param index="4">
              <value>
                <![CDATA[NO Comments]]>
              </value>
            </param>
          </params>
          <reporter-output>
          </reporter-output>
        </test-method> <!-- fillform -->
        <test-method is-config="true" signature="tearDown()[pri:0, instance:testCases.FillFormTest@4de5031f]" started-at="2020-03-04T19:40:56Z" name="tearDown" finished-at="2020-03-04T19:40:56Z" duration-ms="98" status="PASS">
          <reporter-output>
          </reporter-output>
        </test-method> <!-- tearDown -->
      </class> <!-- testCases.FillFormTest -->
    </test> <!-- fillFormr -->
  </suite> <!-- formTest -->
</testng-results>
