<?xml version="1.0" encoding="UTF-8"?>
<testng-results ignored="0" total="1" passed="1" failed="0" skipped="0">
  <reporter-output>
  </reporter-output>
  <suite started-at="2020-03-04T15:19:42Z" name="Default suite" finished-at="2020-03-04T15:19:48Z" duration-ms="5876">
    <groups>
    </groups>
    <test started-at="2020-03-04T15:19:42Z" name="Default test" finished-at="2020-03-04T15:19:48Z" duration-ms="5876">
      <class name="testCases.FillFormTest">
        <test-method is-config="true" signature="setup()[pri:0, instance:testCases.FillFormTest@75f9eccc]" started-at="2020-03-04T15:19:42Z" name="setup" finished-at="2020-03-04T15:19:46Z" duration-ms="3629" status="PASS">
          <reporter-output>
          </reporter-output>
        </test-method> <!-- setup -->
        <test-method signature="fillform(java.lang.String, java.lang.String, java.lang.String, java.lang.String, java.lang.String)[pri:0, instance:testCases.FillFormTest@75f9eccc]" started-at="2020-03-04T15:19:47Z" name="fillform" data-provider="FormData" finished-at="2020-03-04T15:19:48Z" duration-ms="1552" status="PASS">
          <params>
            <param index="0">
              <value>
                <![CDATA[Name 1]]>
              </value>
            </param>
            <param index="1">
              <value>
                <![CDATA[a@a.com]]>
              </value>
            </param>
            <param index="2">
              <value>
                <![CDATA[Delhi]]>
              </value>
            </param>
            <param index="3">
              <value>
                <![CDATA[9794734]]>
              </value>
            </param>
            <param index="4">
              <value>
                <![CDATA[Commented]]>
              </value>
            </param>
          </params>
          <reporter-output>
          </reporter-output>
        </test-method> <!-- fillform -->
        <test-method is-config="true" signature="tearDown()[pri:0, instance:testCases.FillFormTest@75f9eccc]" started-at="2020-03-04T15:19:48Z" name="tearDown" finished-at="2020-03-04T15:19:48Z" duration-ms="86" status="PASS">
          <reporter-output>
          </reporter-output>
        </test-method> <!-- tearDown -->
      </class> <!-- testCases.FillFormTest -->
    </test> <!-- Default test -->
  </suite> <!-- Default suite -->
</testng-results>
